D:\ENGINE\DX11\RASTERTEKLEARNS\50DEFERREDSHADING\50DEFERREDSHADING\DEBUG\APPLICATIONCLASS.OBJ
D:\ENGINE\DX11\RASTERTEKLEARNS\50DEFERREDSHADING\50DEFERREDSHADING\DEBUG\CAMERACLASS.OBJ
D:\ENGINE\DX11\RASTERTEKLEARNS\50DEFERREDSHADING\50DEFERREDSHADING\DEBUG\D3DCLASS.OBJ
D:\ENGINE\DX11\RASTERTEKLEARNS\50DEFERREDSHADING\50DEFERREDSHADING\DEBUG\DEFERREDBUFFERSCLASS.OBJ
D:\ENGINE\DX11\RASTERTEKLEARNS\50DEFERREDSHADING\50DEFERREDSHADING\DEBUG\DEFERREDSHADERCLASS.OBJ
D:\ENGINE\DX11\RASTERTEKLEARNS\50DEFERREDSHADING\50DEFERREDSHADING\DEBUG\INPUTCLASS.OBJ
D:\ENGINE\DX11\RASTERTEKLEARNS\50DEFERREDSHADING\50DEFERREDSHADING\DEBUG\LIGHTCLASS.OBJ
D:\ENGINE\DX11\RASTERTEKLEARNS\50DEFERREDSHADING\50DEFERREDSHADING\DEBUG\LIGHTSHADERCLASS.OBJ
D:\ENGINE\DX11\RASTERTEKLEARNS\50DEFERREDSHADING\50DEFERREDSHADING\DEBUG\MAIN.OBJ
D:\ENGINE\DX11\RASTERTEKLEARNS\50DEFERREDSHADING\50DEFERREDSHADING\DEBUG\MODELCLASS.OBJ
D:\ENGINE\DX11\RASTERTEKLEARNS\50DEFERREDSHADING\50DEFERREDSHADING\DEBUG\ORTHOWINDOWCLASS.OBJ
D:\ENGINE\DX11\RASTERTEKLEARNS\50DEFERREDSHADING\50DEFERREDSHADING\DEBUG\SYSTEMCLASS.OBJ
D:\ENGINE\DX11\RASTERTEKLEARNS\50DEFERREDSHADING\50DEFERREDSHADING\DEBUG\TEXTURECLASS.OBJ
D:\ENGINE\DX11\RASTERTEKLEARNS\50DEFERREDSHADING\50DEFERREDSHADING\DEBUG\VC110.PDB
D:\ENGINE\DX11\RASTERTEKLEARNS\50DEFERREDSHADING\DEBUG\50DEFERREDSHADING.ILK
D:\ENGINE\DX11\RASTERTEKLEARNS\50DEFERREDSHADING\DEBUG\50DEFERREDSHADING.EXE
D:\ENGINE\DX11\RASTERTEKLEARNS\50DEFERREDSHADING\DEBUG\50DEFERREDSHADING.PDB
D:\Engine\DX11\RasterTekLearns\50DeferredShading\50DeferredShading\Debug\applicationclass.obj
D:\Engine\DX11\RasterTekLearns\50DeferredShading\50DeferredShading\Debug\cameraclass.obj
D:\Engine\DX11\RasterTekLearns\50DeferredShading\50DeferredShading\Debug\d3dclass.obj
D:\Engine\DX11\RasterTekLearns\50DeferredShading\50DeferredShading\Debug\deferredbuffersclass.obj
D:\Engine\DX11\RasterTekLearns\50DeferredShading\50DeferredShading\Debug\deferredshaderclass.obj
D:\Engine\DX11\RasterTekLearns\50DeferredShading\50DeferredShading\Debug\inputclass.obj
D:\Engine\DX11\RasterTekLearns\50DeferredShading\50DeferredShading\Debug\lightclass.obj
D:\Engine\DX11\RasterTekLearns\50DeferredShading\50DeferredShading\Debug\lightshaderclass.obj
D:\Engine\DX11\RasterTekLearns\50DeferredShading\50DeferredShading\Debug\main.obj
D:\Engine\DX11\RasterTekLearns\50DeferredShading\50DeferredShading\Debug\modelclass.obj
D:\Engine\DX11\RasterTekLearns\50DeferredShading\50DeferredShading\Debug\orthowindowclass.obj
D:\Engine\DX11\RasterTekLearns\50DeferredShading\50DeferredShading\Debug\systemclass.obj
D:\Engine\DX11\RasterTekLearns\50DeferredShading\50DeferredShading\Debug\textureclass.obj
D:\Engine\DX11\RasterTekLearns\50DeferredShading\50DeferredShading\Debug\cl.command.1.tlog
D:\Engine\DX11\RasterTekLearns\50DeferredShading\50DeferredShading\Debug\CL.read.1.tlog
D:\Engine\DX11\RasterTekLearns\50DeferredShading\50DeferredShading\Debug\CL.write.1.tlog
D:\Engine\DX11\RasterTekLearns\50DeferredShading\50DeferredShading\Debug\link-cvtres.read.1.tlog
D:\Engine\DX11\RasterTekLearns\50DeferredShading\50DeferredShading\Debug\link-cvtres.write.1.tlog
D:\Engine\DX11\RasterTekLearns\50DeferredShading\50DeferredShading\Debug\link-rc.read.1.tlog
D:\Engine\DX11\RasterTekLearns\50DeferredShading\50DeferredShading\Debug\link-rc.write.1.tlog
D:\Engine\DX11\RasterTekLearns\50DeferredShading\50DeferredShading\Debug\link.command.1.tlog
D:\Engine\DX11\RasterTekLearns\50DeferredShading\50DeferredShading\Debug\link.read.1.tlog
D:\Engine\DX11\RasterTekLearns\50DeferredShading\50DeferredShading\Debug\link.write.1.tlog
D:\Engine\DX11\RasterTekLearns\50DeferredShading\50DeferredShading\Debug\vc110.idb
D:\Engine\DX11\RasterTekLearns\50DeferredShading\50DeferredShading\Debug\vc110.pdb
D:\Engine\DX11\RasterTekLearns\50DeferredShading\Debug\50DeferredShading.pdb
D:\Engine\DX11\RasterTekLearns\50DeferredShading\Debug\50DeferredShading.exe
D:\Engine\DX11\RasterTekLearns\50DeferredShading\Debug\50DeferredShading.ilk
